App/build/intermediates/manifest_merge_blame_file/debug/manifest-merger-blame-debug-report.txt
1<?xml version="1.0" encoding="utf-8"?>
2<manifest xmlns:android="http://schemas.android.com/apk/res/android"
3    package="com.example.main"
4    android:versionCode="1"
5    android:versionName="1.0" >
6
7    <uses-sdk
8        android:minSdkVersion="16"
8-->src\main\AndroidManifest.xml
9        android:targetSdkVersion="30" />
9-->src\main\AndroidManifest.xml
10
11    <application
11-->src\main\AndroidManifest.xml:4:5-30:19
12        android:allowBackup="true"
12-->src\main\AndroidManifest.xml:5:9-35
13        android:appComponentFactory="androidx.core.app.CoreComponentFactory"
13-->[androidx.core:core:1.3.1] AndroidManifest.xml:24:18-86
14        android:debuggable="true"
15        android:icon="@mipmap/ic_launcher"
15-->src\main\AndroidManifest.xml:6:9-43
16        android:label="@string/app_name"
16-->src\main\AndroidManifest.xml:7:9-41
17        android:roundIcon="@mipmap/ic_launcher_round"
17-->src\main\AndroidManifest.xml:8:9-54
18        android:supportsRtl="true"
18-->src\main\AndroidManifest.xml:9:9-35
19        android:testOnly="true"
20        android:theme="@style/Theme.Main" >
20-->src\main\AndroidManifest.xml:10:9-42
21        <activity
21-->src\main\AndroidManifest.xml:11:9-14:75
22            android:name="com.example.main.SignupActivity"
22-->src\main\AndroidManifest.xml:12:13-43
23            android:label="@string/title_activity_sign_up"
23-->src\main\AndroidManifest.xml:13:13-59
24            android:theme="@style/Theme.MaterialComponents.NoActionBar" />
24-->src\main\AndroidManifest.xml:14:13-72
25        <activity
25-->src\main\AndroidManifest.xml:15:9-23:20
26            android:name="com.example.main.LoginActivity"
26-->src\main\AndroidManifest.xml:16:13-42
27            android:label="@string/app_name"
27-->src\main\AndroidManifest.xml:17:13-45
28            android:theme="@style/Theme.MaterialComponents.NoActionBar" >
28-->src\main\AndroidManifest.xml:18:13-72
29            <intent-filter>
29-->src\main\AndroidManifest.xml:19:13-22:29
30                <action android:name="android.intent.action.MAIN" />
30-->src\main\AndroidManifest.xml:20:17-69
30-->src\main\AndroidManifest.xml:20:25-66
31
32                <category android:name="android.intent.category.LAUNCHER" />
32-->src\main\AndroidManifest.xml:21:17-77
32-->src\main\AndroidManifest.xml:21:27-74
33            </intent-filter>
34        </activity>
35        <activity
35-->src\main\AndroidManifest.xml:24:9-26:75
36            android:name="com.example.main.Camera"
36-->src\main\AndroidManifest.xml:25:13-35
37            android:theme="@style/Theme.MaterialComponents.NoActionBar" />
37-->src\main\AndroidManifest.xml:26:13-72
38        <activity
38-->src\main\AndroidManifest.xml:27:9-29:75
39            android:name="com.example.main.MainActivity"
39-->src\main\AndroidManifest.xml:28:13-41
40            android:theme="@style/Theme.MaterialComponents.NoActionBar" />
40-->src\main\AndroidManifest.xml:29:13-72
41    </application>
42
43</manifest>